못 받은 메세지 : 
못 받은 메세지 : 
못 받은 메세지 : 
못 받은 메세지 : 
ROOMINFOfasfaaf!['sdfa56785']!!{'sdfa56785': False}!False
ROOMINFOfasfaaf!['sdfa56785']!!{'sdfa56785': False}!False
못 받은 메세지 : 
ROOMINFOfasfaaf!['sdfa56785']!TestER!{'sdfa56785': False}!False
ROOMINFOfasfaaf!['sdfa56785']!TestER!{'sdfa56785': True}!False
UdpOPEN
ROOMINFOfasfaaf!['sdfa56785']!TestER!{'sdfa56785': True}!True
okUDP
5555
ROOMINFOfasfaaf!['sdfa56785']!TestER!{'sdfa56785': True}!True
ROOMINFOfasfaaf!['sdfa56785']!TestER!{'sdfa56785': True}!True
ROOMINFOfasfaaf!['sdfa56785']!TestER!{'sdfa56785': True}!True
못 받은 메세지 : 
못 받은 메세지 : 
못 받은 메세지 : 
못 받은 메세지 : 
ROOMINFOgag!['sdafa13']!!{'sdafa13': False}!False
ROOMINFOgag!['sdafa13']!!{'sdafa13': False}!False
못 받은 메세지 : 
ROOMINFOgag!['sdafa13']!TestER!{'sdafa13': False}!False
ROOMINFOgag!['sdafa13']!TestER!{'sdafa13': True}!False
UdpOPEN
ROOMINFOgag!['sdafa13']!TestER!{'sdafa13': True}!True
ROOMINFOgag!['sdafa13']!TestER!{'sdafa13': True}!True
ROOMINFOgag!['sdafa13']!TestER!{'sdafa13': True}!True
ROOMINFOgag!['sdafa13']!TestER!{'sdafa13': True}!True
ROOMINFOgag!['sdafa13']!TestER!{'sdafa13': True}!True
ROOMINFOgag!['sdafa13']!TestER!{'sdafa13': True}!True
ROOMINFOgag!['sdafa13']!TestER!{'sdafa13': True}!True
ROOMINFOgag!['sdafa13']!TestER!{'sdafa13': True}!True
ROOMINFOgag!['sdafa13']!TestER!{'sdafa13': True}!True
ROOMINFOgag!['sdafa13']!TestER!{'sdafa13': True}!True
ROOMINFOgag!['sdafa13']!TestER!{'sdafa13': True}!True
ROOMINFOgag!['sdafa13']!TestER!{'sdafa13': True}!True
ROOMINFOgag!['sdafa13']!TestER!{'sdafa13': True}!True
ROOMINFOgag!['sdafa13']!TestER!{'sdafa13': True}!True
ROOMINFOgag!['sdafa13']!TestER!{'sdafa13': True}!True
ROOMINFOgag!['sdafa13']!TestER!{'sdafa13': True}!True
ROOMINFOgag!['sdafa13']!TestER!{'sdafa13': True}!True
ROOMINFOgag!['sdafa13']!TestER!{'sdafa13': True}!True
ROOMINFOgag!['sdafa13']!TestER!{'sdafa13': True}!True
ROOMINFOgag!['sdafa13']!TestER!{'sdafa13': True}!True
못 받은 메세지 : 
못 받은 메세지 : 
못 받은 메세지 : 
못 받은 메세지 : 
ROOMINFOga!['daf214']!!{'daf214': False}!False
ROOMINFOga!['daf214']!!{'daf214': False}!False
못 받은 메세지 : 
ROOMINFOga!['daf214']!TestER!{'daf214': False}!False
ROOMINFOga!['daf214']!TestER!{'daf214': True}!False
UdpOPEN
ROOMINFOga!['daf214']!TestER!{'daf214': True}!True
okUDP
5555
ROOMINFOga!['daf214']!TestER!{'daf214': True}!True
ROOMINFOga!['daf214']!TestER!{'daf214': True}!True
ROOMINFOga!['daf214']!TestER!{'daf214': True}!True
못 받은 메세지 : 
못 받은 메세지 : 
못 받은 메세지 : 
못 받은 메세지 : 
ROOMINFOga!['dsfads134']!!{'dsfads134': False}!False
ROOMINFOga!['dsfads134']!!{'dsfads134': False}!False
못 받은 메세지 : 
ROOMINFOga!['dsfads134']!TestER!{'dsfads134': False}!False
ROOMINFOga!['dsfads134']!TestER!{'dsfads134': True}!False
UdpOPEN
ROOMINFOga!['dsfads134']!TestER!{'dsfads134': True}!True
ROOMINFOga!['dsfads134']!TestER!{'dsfads134': True}!True
okUDP
5555
못 받은 메세지 : 
못 받은 메세지 : 
못 받은 메세지 : 
못 받은 메세지 : 
ROOMINFOagag!['1311111']!!{'1311111': False}!False
ROOMINFOagag!['1311111']!!{'1311111': False}!False
못 받은 메세지 : 
ROOMINFOagag!['1311111']!TestER!{'1311111': False}!False
ROOMINFOagag!['1311111']!TestER!{'1311111': True}!False
UdpOPEN
ROOMINFOagag!['1311111']!TestER!{'1311111': True}!True
okUDP
5555
못 받은 메세지 : 
못 받은 메세지 : 
못 받은 메세지 : 
못 받은 메세지 : 
ROOMINFOfadf!['adga13']!!{'adga13': False}!False
ROOMINFOfadf!['adga13']!!{'adga13': False}!False
못 받은 메세지 : 
ROOMINFOfadf!['adga13']!TestER!{'adga13': False}!False
ROOMINFOfadf!['adga13']!TestER!{'adga13': True}!False
UdpOPEN
ROOMINFOfadf!['adga13']!TestER!{'adga13': True}!True
ROOMINFOfadf!['adga13']!TestER!{'adga13': True}!True
okUDP
5555
못 받은 메세지 : 
못 받은 메세지 : 
못 받은 메세지 : 
못 받은 메세지 : 
ROOMINFOadga!['agda312']!!{'agda312': False}!False
ROOMINFOadga!['agda312']!!{'agda312': False}!False
못 받은 메세지 : 
ROOMINFOadga!['agda312']!TestER!{'agda312': False}!False
ROOMINFOadga!['agda312']!TestER!{'agda312': True}!False
UdpOPEN
ROOMINFOadga!['agda312']!TestER!{'agda312': True}!True
ROOMINFOadga!['agda312']!TestER!{'agda312': True}!True
okUDP
5555
못 받은 메세지 : 
못 받은 메세지 : 
못 받은 메세지 : 
못 받은 메세지 : 
ROOMINFOwagdsg!['7777']!!{'7777': False}!False
ROOMINFOwagdsg!['7777']!!{'7777': False}!False
못 받은 메세지 : 
ROOMINFOwagdsg!['7777']!TestER!{'7777': False}!False
ROOMINFOwagdsg!['7777']!TestER!{'7777': True}!False
UdpOPEN
ROOMINFOwagdsg!['7777']!TestER!{'7777': True}!True
ROOMINFOwagdsg!['7777']!TestER!{'7777': True}!True
okUDP
5555
못 받은 메세지 : 
못 받은 메세지 : 
못 받은 메세지 : 
못 받은 메세지 : 
ROOMINFOadga!['2dsg']!!{'2dsg': False}!False
ROOMINFOadga!['2dsg']!!{'2dsg': False}!False
ROOMINFOadga!['2dsg']!!{'2dsg': False}!False
ROOMINFOadga!['2dsg']!!{'2dsg': False}!False
ROOMINFOadga!['2dsg']!!{'2dsg': False}!False
ROOMINFOadga!['2dsg']!!{'2dsg': False}!False
ROOMINFOadga!['2dsg']!!{'2dsg': False}!False
ROOMINFOadga!['2dsg']!!{'2dsg': False}!False
ROOMINFOadga!['2dsg']!!{'2dsg': False}!False
ROOMINFOadga!['2dsg']!!{'2dsg': False}!False
ROOMINFOadga!['2dsg']!!{'2dsg': False}!False
ROOMINFOadga!['2dsg']!!{'2dsg': False}!False
ROOMINFOadga!['2dsg']!!{'2dsg': False}!False
ROOMINFOadga!['2dsg']!!{'2dsg': False}!False
ROOMINFOadga!['2dsg']!!{'2dsg': False}!False
ROOMINFOadga!['2dsg']!!{'2dsg': False}!False
ROOMINFOadga!['2dsg']!!{'2dsg': False}!False
못 받은 메세지 : 
ROOMINFOadga!['2dsg']!TestER!{'2dsg': False}!False
ROOMINFOadga!['2dsg']!TestER!{'2dsg': True}!False
ROOMINFOadga!['2dsg']!TestER!{'2dsg': True}!False
ROOMINFOadga!['2dsg']!TestER!{'2dsg': True}!False
ROOMINFOadga!['2dsg']!TestER!{'2dsg': True}!False
ROOMINFOadga!['2dsg']!TestER!{'2dsg': True}!False
ROOMINFOadga!['2dsg']!TestER!{'2dsg': True}!False
ROOMINFOadga!['2dsg']!TestER!{'2dsg': True}!False
ROOMINFOadga!['2dsg']!TestER!{'2dsg': True}!False
ROOMINFOadga!['2dsg']!TestER!{'2dsg': True}!False
ROOMINFOadga!['2dsg']!TestER!{'2dsg': True}!False
ROOMINFOadga!['2dsg']!TestER!{'2dsg': True}!False
ROOMINFOadga!['2dsg']!TestER!{'2dsg': True}!False
ROOMINFOadga!['2dsg']!TestER!{'2dsg': True}!False
ROOMINFOadga!['2dsg']!TestER!{'2dsg': True}!False
ROOMINFOadga!['2dsg']!TestER!{'2dsg': True}!False
ROOMINFOadga!['2dsg']!TestER!{'2dsg': True}!False
ROOMINFOadga!['2dsg']!TestER!{'2dsg': True}!False
ROOMINFOadga!['2dsg']!TestER!{'2dsg': True}!False
ROOMINFOadga!['2dsg']!TestER!{'2dsg': True}!False
ROOMINFOadga!['2dsg']!TestER!{'2dsg': True}!False
ROOMINFOadga!['2dsg']!TestER!{'2dsg': True}!False
ROOMINFOadga!['2dsg']!TestER!{'2dsg': True}!False
ROOMINFOadga!['2dsg']!TestER!{'2dsg': True}!False
ROOMINFOadga!['2dsg']!TestER!{'2dsg': True}!False
ROOMINFOadga!['2dsg']!TestER!{'2dsg': True}!False
ROOMINFOadga!['2dsg']!TestER!{'2dsg': True}!False
ROOMINFOadga!['2dsg']!TestER!{'2dsg': True}!False
ROOMINFOadga!['2dsg']!TestER!{'2dsg': True}!False
ROOMINFOadga!['2dsg']!TestER!{'2dsg': True}!False
ROOMINFOadga!['2dsg']!TestER!{'2dsg': True}!False
ROOMINFOadga!['2dsg']!TestER!{'2dsg': True}!False
ROOMINFOadga!['2dsg']!TestER!{'2dsg': True}!False
ROOMINFOadga!['2dsg']!TestER!{'2dsg': True}!False
ROOMINFOadga!['2dsg']!TestER!{'2dsg': True}!False
ROOMINFOadga!['2dsg']!TestER!{'2dsg': True}!False
ROOMINFOadga!['2dsg']!TestER!{'2dsg': True}!False
ROOMINFOadga!['2dsg']!TestER!{'2dsg': True}!False
ROOMINFOadga!['2dsg']!TestER!{'2dsg': True}!False
ROOMINFOadga!['2dsg']!TestER!{'2dsg': True}!False
ROOMINFOadga!['2dsg']!TestER!{'2dsg': True}!False
ROOMINFOadga!['2dsg']!TestER!{'2dsg': True}!False
ROOMINFOadga!['2dsg']!TestER!{'2dsg': True}!False
ROOMINFOadga!['2dsg']!TestER!{'2dsg': True}!False
ROOMINFOadga!['2dsg']!TestER!{'2dsg': True}!False
ROOMINFOadga!['2dsg']!TestER!{'2dsg': True}!False
ROOMINFOadga!['2dsg']!TestER!{'2dsg': True}!False
ROOMINFOadga!['2dsg']!TestER!{'2dsg': True}!False
ROOMINFOadga!['2dsg']!TestER!{'2dsg': True}!False
ROOMINFOadga!['2dsg']!TestER!{'2dsg': True}!False
ROOMINFOadga!['2dsg']!TestER!{'2dsg': True}!False
ROOMINFOadga!['2dsg']!TestER!{'2dsg': True}!False
ROOMINFOadga!['2dsg']!TestER!{'2dsg': True}!False
ROOMINFOadga!['2dsg']!TestER!{'2dsg': True}!False
ROOMINFOadga!['2dsg']!TestER!{'2dsg': True}!False
ROOMINFOadga!['2dsg']!TestER!{'2dsg': True}!False
ROOMINFOadga!['2dsg']!TestER!{'2dsg': True}!False
ROOMINFOadga!['2dsg']!TestER!{'2dsg': True}!False
ROOMINFOadga!['2dsg']!TestER!{'2dsg': True}!False
ROOMINFOadga!['2dsg']!TestER!{'2dsg': True}!False
ROOMINFOadga!['2dsg']!TestER!{'2dsg': True}!False
ROOMINFOadga!['2dsg']!TestER!{'2dsg': True}!False
ROOMINFOadga!['2dsg']!TestER!{'2dsg': True}!False
ROOMINFOadga!['2dsg']!TestER!{'2dsg': True}!False
UdpOPEN
ROOMINFOadga!['2dsg']!TestER!{'2dsg': True}!True
okUDP
5555
못 받은 메세지 : 
못 받은 메세지 : 
못 받은 메세지 : 
못 받은 메세지 : 
ROOMINFOdgdasg!['dsa234']!!{'dsa234': False}!False
ROOMINFOdgdasg!['dsa234']!!{'dsa234': False}!False
못 받은 메세지 : 
ROOMINFOdgdasg!['dsa234']!TestER!{'dsa234': False}!False
ROOMINFOdgdasg!['dsa234']!TestER!{'dsa234': True}!False
UdpOPEN
ROOMINFOdgdasg!['dsa234']!TestER!{'dsa234': True}!True
ROOMINFOdgdasg!['dsa234']!TestER!{'dsa234': True}!True
okUDP
5555
ROOMINFOdgdasg!['dsa234']!TestER!{'dsa234': True}!True
ROOMINFOdgdasg!['dsa234']!TestER!{'dsa234': True}!True
ROOMINFOdgdasg!['dsa234']!TestER!{'dsa234': True}!True
못 받은 메세지 : 
못 받은 메세지 : 
못 받은 메세지 : 
못 받은 메세지 : 
ROOMINFOdsafdas!['dsfa14']!!{'dsfa14': False}!False
ROOMINFOdsafdas!['dsfa14']!!{'dsfa14': False}!False
못 받은 메세지 : 
ROOMINFOdsafdas!['dsfa14']!TestER!{'dsfa14': False}!False
ROOMINFOdsafdas!['dsfa14']!TestER!{'dsfa14': True}!False
UdpOPEN
ROOMINFOdsafdas!['dsfa14']!TestER!{'dsfa14': True}!True
ROOMINFOdsafdas!['dsfa14']!TestER!{'dsfa14': True}!True
okUDP
5555
ROOMINFOdsafdas!['dsfa14']!TestER!{'dsfa14': True}!True
ROOMINFOdsafdas!['dsfa14']!TestER!{'dsfa14': True}!True
ROOMINFOdsafdas!['dsfa14']!TestER!{'dsfa14': True}!True
